<testsuites id="" name="" tests="705" failures="269" skipped="396" errors="0" time="1111.5941799999998">
<testsuite name="e2e/audiences.spec.ts" timestamp="2026-01-30T06:28:56.781Z" hostname="chromium" tests="23" failures="7" skipped="16" time="23.371" errors="0">
<testcase name="Audience Creation Flow › should display audiences list page" classname="e2e/audiences.spec.ts" time="0">
<failure message="audiences.spec.ts:44:7 should display audiences list page" type="FAILURE">
<![CDATA[  [chromium] › e2e/audiences.spec.ts:44:7 › Audience Creation Flow › should display audiences list page 

    Error: A record with this value already exists

       at helpers/auth.ts:286

      284 |   if (!response.ok) {
      285 |     const error = await response.json();
    > 286 |     throw new Error(error.error?.detail || 'API registration failed');
          |           ^
      287 |   }
      288 |
      289 |   const data = await response.json();
        at apiRegister (/Users/farinelli/Documents/Projects/lia360-web/.auto-claude/worktrees/tasks/007-comprehensive-test-suite/apps/web/tests/helpers/auth.ts:286:11)
        at /Users/farinelli/Documents/Projects/lia360-web/.auto-claude/worktrees/tasks/007-comprehensive-test-suite/apps/web/tests/e2e/audiences.spec.ts:30:5
]]>
</failure>
</testcase>
<testcase name="Audience Creation Flow › should navigate to new audience page" classname="e2e/audiences.spec.ts" time="0">
<skipped>
</skipped>
</testcase>
<testcase name="Audience Creation Flow › should create audience with minimum required fields" classname="e2e/audiences.spec.ts" time="0">
<skipped>
</skipped>
</testcase>
<testcase name="Audience Creation Flow › should create audience with all fields in all steps" classname="e2e/audiences.spec.ts" time="0">
<skipped>
</skipped>
</testcase>
<testcase name="Audience Creation Flow › should show validation error when name is empty" classname="e2e/audiences.spec.ts" time="0">
<skipped>
</skipped>
</testcase>
<testcase name="Audience Creation Flow › should navigate between steps correctly" classname="e2e/audiences.spec.ts" time="0">
<skipped>
</skipped>
</testcase>
<testcase name="Audience Creation Flow › should toggle gender selection" classname="e2e/audiences.spec.ts" time="11.876">
<failure message="audiences.spec.ts:235:7 should toggle gender selection" type="FAILURE">
<![CDATA[  [chromium] › e2e/audiences.spec.ts:235:7 › Audience Creation Flow › should toggle gender selection 

    TimeoutError: page.waitForURL: Timeout 10000ms exceeded.
    =========================== logs ===========================
    waiting for navigation to "**/dashboard/**" until "load"
    ============================================================

       at helpers/auth.ts:103

      101 |
      102 |   // Wait for navigation to dashboard
    > 103 |   await page.waitForURL('**/dashboard/**', { timeout: 10000 });
          |              ^
      104 |
      105 |   // Get tokens from localStorage
      106 |   const tokens = await getAuthTokensFromPage(page);
        at loginUser (/Users/farinelli/Documents/Projects/lia360-web/.auto-claude/worktrees/tasks/007-comprehensive-test-suite/apps/web/tests/helpers/auth.ts:103:14)
        at /Users/farinelli/Documents/Projects/lia360-web/.auto-claude/worktrees/tasks/007-comprehensive-test-suite/apps/web/tests/e2e/audiences.spec.ts:40:5

    attachment #1: screenshot (image/png) ──────────────────────────────────────────────────────────
    ../test-results/e2e-audiences-Audience-Cre-4b390-uld-toggle-gender-selection-chromium/test-failed-1.png
    ────────────────────────────────────────────────────────────────────────────────────────────────

    attachment #2: video (video/webm) ──────────────────────────────────────────────────────────────
    ../test-results/e2e-audiences-Audience-Cre-4b390-uld-toggle-gender-selection-chromium/video.webm
    ────────────────────────────────────────────────────────────────────────────────────────────────

    Error Context: ../test-results/e2e-audiences-Audience-Cre-4b390-uld-toggle-gender-selection-chromium/error-context.md
]]>
</failure>
<system-out>
<![CDATA[
[[ATTACHMENT|e2e-audiences-Audience-Cre-4b390-uld-toggle-gender-selection-chromium/test-failed-1.png]]

[[ATTACHMENT|e2e-audiences-Audience-Cre-4b390-uld-toggle-gender-selection-chromium/video.webm]]

[[ATTACHMENT|e2e-audiences-Audience-Cre-4b390-uld-toggle-gender-selection-chromium/error-context.md]]
]]>
</system-out>
</testcase>
<testcase name="Audience Creation Flow › should add and remove countries" classname="e2e/audiences.spec.ts" time="0">
<failure message="audiences.spec.ts:264:7 should add and remove countries" type="FAILURE">
<![CDATA[  [chromium] › e2e/audiences.spec.ts:264:7 › Audience Creation Flow › should add and remove countries 

    Error: Email já está em uso

       at helpers/auth.ts:286

      284 |   if (!response.ok) {
      285 |     const error = await response.json();
    > 286 |     throw new Error(error.error?.detail || 'API registration failed');
          |           ^
      287 |   }
      288 |
      289 |   const data = await response.json();
        at apiRegister (/Users/farinelli/Documents/Projects/lia360-web/.auto-claude/worktrees/tasks/007-comprehensive-test-suite/apps/web/tests/helpers/auth.ts:286:11)
        at /Users/farinelli/Documents/Projects/lia360-web/.auto-claude/worktrees/tasks/007-comprehensive-test-suite/apps/web/tests/e2e/audiences.spec.ts:30:5
]]>
</failure>
</testcase>
<testcase name="Audience Creation Flow › should toggle checkbox filters" classname="e2e/audiences.spec.ts" time="0">
<skipped>
</skipped>
</testcase>
<testcase name="Audience Creation Flow › should select verified filter options" classname="e2e/audiences.spec.ts" time="0">
<skipped>
</skipped>
</testcase>
<testcase name="Audience Creation Flow › should add and remove keywords" classname="e2e/audiences.spec.ts" time="0">
<skipped>
</skipped>
</testcase>
<testcase name="Audience Creation Flow › should fill number range inputs" classname="e2e/audiences.spec.ts" time="0">
<skipped>
</skipped>
</testcase>
<testcase name="Audience Creation Flow › should cancel audience creation" classname="e2e/audiences.spec.ts" time="0">
<failure message="audiences.spec.ts:432:7 should cancel audience creation" type="FAILURE">
<![CDATA[  [chromium] › e2e/audiences.spec.ts:432:7 › Audience Creation Flow › should cancel audience creation 

    Error: A record with this value already exists

       at helpers/auth.ts:286

      284 |   if (!response.ok) {
      285 |     const error = await response.json();
    > 286 |     throw new Error(error.error?.detail || 'API registration failed');
          |           ^
      287 |   }
      288 |
      289 |   const data = await response.json();
        at apiRegister (/Users/farinelli/Documents/Projects/lia360-web/.auto-claude/worktrees/tasks/007-comprehensive-test-suite/apps/web/tests/helpers/auth.ts:286:11)
        at /Users/farinelli/Documents/Projects/lia360-web/.auto-claude/worktrees/tasks/007-comprehensive-test-suite/apps/web/tests/e2e/audiences.spec.ts:30:5
]]>
</failure>
</testcase>
<testcase name="Audience Creation Flow › should display step indicators correctly" classname="e2e/audiences.spec.ts" time="0">
<skipped>
</skipped>
</testcase>
<testcase name="Audience Creation Flow › should show empty state when no audiences exist" classname="e2e/audiences.spec.ts" time="0">
<skipped>
</skipped>
</testcase>
<testcase name="Audience Creation Flow › should handle network errors during creation" classname="e2e/audiences.spec.ts" time="0">
<skipped>
</skipped>
</testcase>
<testcase name="Audience Creation Flow › should search and filter audiences" classname="e2e/audiences.spec.ts" time="0">
<skipped>
</skipped>
</testcase>
<testcase name="Audience Creation Flow › should display tooltips on hover (defensive)" classname="e2e/audiences.spec.ts" time="0">
<skipped>
</skipped>
</testcase>
<testcase name="Audience Creation Flow › should persist form data when navigating between steps" classname="e2e/audiences.spec.ts" time="0">
<failure message="audiences.spec.ts:568:7 should persist form data when navigating between steps" type="FAILURE">
<![CDATA[  [chromium] › e2e/audiences.spec.ts:568:7 › Audience Creation Flow › should persist form data when navigating between steps 

    Error: A record with this value already exists

       at helpers/auth.ts:286

      284 |   if (!response.ok) {
      285 |     const error = await response.json();
    > 286 |     throw new Error(error.error?.detail || 'API registration failed');
          |           ^
      287 |   }
      288 |
      289 |   const data = await response.json();
        at apiRegister (/Users/farinelli/Documents/Projects/lia360-web/.auto-claude/worktrees/tasks/007-comprehensive-test-suite/apps/web/tests/helpers/auth.ts:286:11)
        at /Users/farinelli/Documents/Projects/lia360-web/.auto-claude/worktrees/tasks/007-comprehensive-test-suite/apps/web/tests/e2e/audiences.spec.ts:30:5
]]>
</failure>
</testcase>
<testcase name="Audience Management › should display audience in list" classname="e2e/audiences.spec.ts" time="11.495">
<failure message="audiences.spec.ts:641:7 should display audience in list" type="FAILURE">
<![CDATA[  [chromium] › e2e/audiences.spec.ts:641:7 › Audience Management › should display audience in list ─

    TimeoutError: page.waitForURL: Timeout 10000ms exceeded.
    =========================== logs ===========================
    waiting for navigation to "**/dashboard/**" until "load"
    ============================================================

       at helpers/auth.ts:103

      101 |
      102 |   // Wait for navigation to dashboard
    > 103 |   await page.waitForURL('**/dashboard/**', { timeout: 10000 });
          |              ^
      104 |
      105 |   // Get tokens from localStorage
      106 |   const tokens = await getAuthTokensFromPage(page);
        at loginUser (/Users/farinelli/Documents/Projects/lia360-web/.auto-claude/worktrees/tasks/007-comprehensive-test-suite/apps/web/tests/helpers/auth.ts:103:14)
        at /Users/farinelli/Documents/Projects/lia360-web/.auto-claude/worktrees/tasks/007-comprehensive-test-suite/apps/web/tests/e2e/audiences.spec.ts:637:5

    attachment #1: screenshot (image/png) ──────────────────────────────────────────────────────────
    ../test-results/e2e-audiences-Audience-Man-b81a5-ld-display-audience-in-list-chromium/test-failed-1.png
    ────────────────────────────────────────────────────────────────────────────────────────────────

    attachment #2: video (video/webm) ──────────────────────────────────────────────────────────────
    ../test-results/e2e-audiences-Audience-Man-b81a5-ld-display-audience-in-list-chromium/video.webm
    ────────────────────────────────────────────────────────────────────────────────────────────────

    Error Context: ../test-results/e2e-audiences-Audience-Man-b81a5-ld-display-audience-in-list-chromium/error-context.md
]]>
</failure>
<system-out>
<![CDATA[
[[ATTACHMENT|e2e-audiences-Audience-Man-b81a5-ld-display-audience-in-list-chromium/test-failed-1.png]]

[[ATTACHMENT|e2e-audiences-Audience-Man-b81a5-ld-display-audience-in-list-chromium/video.webm]]

[[ATTACHMENT|e2e-audiences-Audience-Man-b81a5-ld-display-audience-in-list-chromium/error-context.md]]
]]>
</system-out>
</testcase>
<testcase name="Audience Management › should show audience details when clicking row" classname="e2e/audiences.spec.ts" time="0">
<failure message="audiences.spec.ts:660:7 should show audience details when clicking row" type="FAILURE">
<![CDATA[  [chromium] › e2e/audiences.spec.ts:660:7 › Audience Management › should show audience details when clicking row 

    Error: Email já está em uso

       at helpers/auth.ts:286

      284 |   if (!response.ok) {
      285 |     const error = await response.json();
    > 286 |     throw new Error(error.error?.detail || 'API registration failed');
          |           ^
      287 |   }
      288 |
      289 |   const data = await response.json();
        at apiRegister (/Users/farinelli/Documents/Projects/lia360-web/.auto-claude/worktrees/tasks/007-comprehensive-test-suite/apps/web/tests/helpers/auth.ts:286:11)
        at /Users/farinelli/Documents/Projects/lia360-web/.auto-claude/worktrees/tasks/007-comprehensive-test-suite/apps/web/tests/e2e/audiences.spec.ts:629:5
]]>
</failure>
</testcase>
<testcase name="Audience Management › should display sort buttons in table headers" classname="e2e/audiences.spec.ts" time="0">
<skipped>
</skipped>
</testcase>
<testcase name="Audience Management › should display audience filter count badge" classname="e2e/audiences.spec.ts" time="0">
<skipped>
</skipped>
</testcase>
</testsuite>
<testsuite name="e2e/auth.spec.ts" timestamp="2026-01-30T06:28:56.781Z" hostname="chromium" tests="38" failures="18" skipped="0" time="157.601" errors="0">
<testcase name="User Registration Flow › should register a new user with all fields" classname="e2e/auth.spec.ts" time="11.874">
<failure message="auth.spec.ts:18:7 should register a new user with all fields" type="FAILURE">
<![CDATA[  [chromium] › e2e/auth.spec.ts:18:7 › User Registration Flow › should register a new user with all fields 

    TimeoutError: page.waitForURL: Timeout 10000ms exceeded.
    =========================== logs ===========================
    waiting for navigation to "**/dashboard/**" until "load"
    ============================================================

      39 |
      40 |     // Assert - Wait for navigation to dashboard
    > 41 |     await page.waitForURL('**/dashboard/**', { timeout: 10000 });
         |                ^
      42 |
      43 |     // Verify we're on a dashboard page
      44 |     expect(page.url()).toContain('/dashboard');
        at /Users/farinelli/Documents/Projects/lia360-web/.auto-claude/worktrees/tasks/007-comprehensive-test-suite/apps/web/tests/e2e/auth.spec.ts:41:16

    attachment #1: screenshot (image/png) ──────────────────────────────────────────────────────────
    ../test-results/e2e-auth-User-Registration-c2fd9--a-new-user-with-all-fields-chromium/test-failed-1.png
    ────────────────────────────────────────────────────────────────────────────────────────────────

    attachment #2: video (video/webm) ──────────────────────────────────────────────────────────────
    ../test-results/e2e-auth-User-Registration-c2fd9--a-new-user-with-all-fields-chromium/video.webm
    ────────────────────────────────────────────────────────────────────────────────────────────────

    Error Context: ../test-results/e2e-auth-User-Registration-c2fd9--a-new-user-with-all-fields-chromium/error-context.md
]]>
</failure>
<system-out>
<![CDATA[
[[ATTACHMENT|e2e-auth-User-Registration-c2fd9--a-new-user-with-all-fields-chromium/test-failed-1.png]]

[[ATTACHMENT|e2e-auth-User-Registration-c2fd9--a-new-user-with-all-fields-chromium/video.webm]]

[[ATTACHMENT|e2e-auth-User-Registration-c2fd9--a-new-user-with-all-fields-chromium/error-context.md]]
]]>
</system-out>
</testcase>
<testcase name="User Registration Flow › should show validation errors for missing required fields" classname="e2e/auth.spec.ts" time="1.458">
</testcase>
<testcase name="User Registration Flow › should show validation error for invalid email format" classname="e2e/auth.spec.ts" time="0.285">
</testcase>
<testcase name="User Registration Flow › should show validation error for short password" classname="e2e/auth.spec.ts" time="0.266">
</testcase>
<testcase name="User Registration Flow › should display loading state during registration" classname="e2e/auth.spec.ts" time="2.35">
<failure message="auth.spec.ts:143:7 should display loading state during registration" type="FAILURE">
<![CDATA[  [chromium] › e2e/auth.spec.ts:143:7 › User Registration Flow › should display loading state during registration 

    Error: expect(locator).toBeDisabled() failed

    Locator:  locator('button[type="submit"]')
    Expected: disabled
    Received: enabled
    Timeout:  2000ms

    Call log:
      - Expect "toBeDisabled" with timeout 2000ms
      - waiting for locator('button[type="submit"]')
        6 × locator resolved to <button type="submit" class="inline-flex items-center justify-center whitespace-nowrap rounded-md text-sm font-medium transition-colors focus-visible:outline-none focus-visible:ring-1 focus-visible:ring-ring disabled:pointer-events-none disabled:opacity-50 bg-primary text-primary-foreground shadow hover:bg-primary/90 h-9 px-4 py-2 w-full">Criar Conta Grátis</button>
          - unexpected value "enabled"


      160 |
      161 |     // Assert - Button should show loading state or be disabled
    > 162 |     await expect(submitButton).toBeDisabled({ timeout: 2000 });
          |                                ^
      163 |
      164 |     // Wait for registration to complete
      165 |     await page.waitForURL('**/dashboard/**', { timeout: 10000 });
        at /Users/farinelli/Documents/Projects/lia360-web/.auto-claude/worktrees/tasks/007-comprehensive-test-suite/apps/web/tests/e2e/auth.spec.ts:162:32

    attachment #1: screenshot (image/png) ──────────────────────────────────────────────────────────
    ../test-results/e2e-auth-User-Registration-9fa24-g-state-during-registration-chromium/test-failed-1.png
    ────────────────────────────────────────────────────────────────────────────────────────────────

    attachment #2: video (video/webm) ──────────────────────────────────────────────────────────────
    ../test-results/e2e-auth-User-Registration-9fa24-g-state-during-registration-chromium/video.webm
    ────────────────────────────────────────────────────────────────────────────────────────────────

    Error Context: ../test-results/e2e-auth-User-Registration-9fa24-g-state-during-registration-chromium/error-context.md
]]>
</failure>
<system-out>
<![CDATA[
[[ATTACHMENT|e2e-auth-User-Registration-9fa24-g-state-during-registration-chromium/test-failed-1.png]]

[[ATTACHMENT|e2e-auth-User-Registration-9fa24-g-state-during-registration-chromium/video.webm]]

[[ATTACHMENT|e2e-auth-User-Registration-9fa24-g-state-during-registration-chromium/error-context.md]]
]]>
</system-out>
</testcase>
<testcase name="User Registration Flow › should show success toast after successful registration" classname="e2e/auth.spec.ts" time="10.603">
<failure message="auth.spec.ts:168:7 should show success toast after successful registration" type="FAILURE">
<![CDATA[  [chromium] › e2e/auth.spec.ts:168:7 › User Registration Flow › should show success toast after successful registration 

    TimeoutError: page.waitForURL: Timeout 10000ms exceeded.
    =========================== logs ===========================
    waiting for navigation to "**/dashboard/**" until "load"
    ============================================================

      184 |
      185 |     // Assert - Wait for navigation to dashboard (toast may be too fast to catch)
    > 186 |     await page.waitForURL('**/dashboard/**', { timeout: 10000 });
          |                ^
      187 |
      188 |     // Verify we're logged in
      189 |     const accessToken = await page.evaluate(() => localStorage.getItem('accessToken'));
        at /Users/farinelli/Documents/Projects/lia360-web/.auto-claude/worktrees/tasks/007-comprehensive-test-suite/apps/web/tests/e2e/auth.spec.ts:186:16

    attachment #1: screenshot (image/png) ──────────────────────────────────────────────────────────
    ../test-results/e2e-auth-User-Registration-5ca75-ter-successful-registration-chromium/test-failed-1.png
    ────────────────────────────────────────────────────────────────────────────────────────────────

    attachment #2: video (video/webm) ──────────────────────────────────────────────────────────────
    ../test-results/e2e-auth-User-Registration-5ca75-ter-successful-registration-chromium/video.webm
    ────────────────────────────────────────────────────────────────────────────────────────────────

    Error Context: ../test-results/e2e-auth-User-Registration-5ca75-ter-successful-registration-chromium/error-context.md
]]>
</failure>
<system-out>
<![CDATA[
[[ATTACHMENT|e2e-auth-User-Registration-5ca75-ter-successful-registration-chromium/test-failed-1.png]]

[[ATTACHMENT|e2e-auth-User-Registration-5ca75-ter-successful-registration-chromium/video.webm]]

[[ATTACHMENT|e2e-auth-User-Registration-5ca75-ter-successful-registration-chromium/error-context.md]]
]]>
</system-out>
</testcase>
<testcase name="User Registration Flow › should handle registration with existing email error" classname="e2e/auth.spec.ts" time="10.733">
<failure message="auth.spec.ts:193:7 should handle registration with existing email error" type="FAILURE">
<![CDATA[  [chromium] › e2e/auth.spec.ts:193:7 › User Registration Flow › should handle registration with existing email error 

    TimeoutError: page.waitForURL: Timeout 10000ms exceeded.
    =========================== logs ===========================
    waiting for navigation to "**/dashboard/**" until "load"
    ============================================================

       at helpers/auth.ts:54

      52 |
      53 |   // Wait for navigation or context selection page
    > 54 |   await page.waitForURL('**/dashboard/**', { timeout: 10000 });
         |              ^
      55 |
      56 |   // Get tokens from localStorage
      57 |   const tokens = await getAuthTokensFromPage(page);
        at registerUser (/Users/farinelli/Documents/Projects/lia360-web/.auto-claude/worktrees/tasks/007-comprehensive-test-suite/apps/web/tests/helpers/auth.ts:54:14)
        at /Users/farinelli/Documents/Projects/lia360-web/.auto-claude/worktrees/tasks/007-comprehensive-test-suite/apps/web/tests/e2e/auth.spec.ts:200:5

    attachment #1: screenshot (image/png) ──────────────────────────────────────────────────────────
    ../test-results/e2e-auth-User-Registration-53589-n-with-existing-email-error-chromium/test-failed-1.png
    ────────────────────────────────────────────────────────────────────────────────────────────────

    attachment #2: video (video/webm) ──────────────────────────────────────────────────────────────
    ../test-results/e2e-auth-User-Registration-53589-n-with-existing-email-error-chromium/video.webm
    ────────────────────────────────────────────────────────────────────────────────────────────────

    Error Context: ../test-results/e2e-auth-User-Registration-53589-n-with-existing-email-error-chromium/error-context.md
]]>
</failure>
<system-out>
<![CDATA[
[[ATTACHMENT|e2e-auth-User-Registration-53589-n-with-existing-email-error-chromium/test-failed-1.png]]

[[ATTACHMENT|e2e-auth-User-Registration-53589-n-with-existing-email-error-chromium/video.webm]]

[[ATTACHMENT|e2e-auth-User-Registration-53589-n-with-existing-email-error-chromium/error-context.md]]
]]>
</system-out>
</testcase>
<testcase name="User Registration Flow › should navigate to login page when clicking &quot;Entrar&quot; link" classname="e2e/auth.spec.ts" time="0.434">
</testcase>
<testcase name="User Registration Flow › should have proper form labels and placeholders" classname="e2e/auth.spec.ts" time="0.349">
</testcase>
<testcase name="User Registration Flow › should display password requirements hint" classname="e2e/auth.spec.ts" time="0.233">
</testcase>
<testcase name="User Registration Flow › should auto-login user after successful registration" classname="e2e/auth.spec.ts" time="10.759">
<failure message="auth.spec.ts:271:7 should auto-login user after successful registration" type="FAILURE">
<![CDATA[  [chromium] › e2e/auth.spec.ts:271:7 › User Registration Flow › should auto-login user after successful registration 

    TimeoutError: page.waitForURL: Timeout 10000ms exceeded.
    =========================== logs ===========================
    waiting for navigation to "**/dashboard/**" until "load"
    ============================================================

       at helpers/auth.ts:54

      52 |
      53 |   // Wait for navigation or context selection page
    > 54 |   await page.waitForURL('**/dashboard/**', { timeout: 10000 });
         |              ^
      55 |
      56 |   // Get tokens from localStorage
      57 |   const tokens = await getAuthTokensFromPage(page);
        at registerUser (/Users/farinelli/Documents/Projects/lia360-web/.auto-claude/worktrees/tasks/007-comprehensive-test-suite/apps/web/tests/helpers/auth.ts:54:14)
        at /Users/farinelli/Documents/Projects/lia360-web/.auto-claude/worktrees/tasks/007-comprehensive-test-suite/apps/web/tests/e2e/auth.spec.ts:276:5

    attachment #1: screenshot (image/png) ──────────────────────────────────────────────────────────
    ../test-results/e2e-auth-User-Registration-2ab9f-ter-successful-registration-chromium/test-failed-1.png
    ────────────────────────────────────────────────────────────────────────────────────────────────

    attachment #2: video (video/webm) ──────────────────────────────────────────────────────────────
    ../test-results/e2e-auth-User-Registration-2ab9f-ter-successful-registration-chromium/video.webm
    ────────────────────────────────────────────────────────────────────────────────────────────────

    Error Context: ../test-results/e2e-auth-User-Registration-2ab9f-ter-successful-registration-chromium/error-context.md
]]>
</failure>
<system-out>
<![CDATA[
[[ATTACHMENT|e2e-auth-User-Registration-2ab9f-ter-successful-registration-chromium/test-failed-1.png]]

[[ATTACHMENT|e2e-auth-User-Registration-2ab9f-ter-successful-registration-chromium/video.webm]]

[[ATTACHMENT|e2e-auth-User-Registration-2ab9f-ter-successful-registration-chromium/error-context.md]]
]]>
</system-out>
</testcase>
<testcase name="User Registration Flow › should handle network errors gracefully" classname="e2e/auth.spec.ts" time="10.922">
<failure message="auth.spec.ts:296:7 should handle network errors gracefully" type="FAILURE">
<![CDATA[  [chromium] › e2e/auth.spec.ts:296:7 › User Registration Flow › should handle network errors gracefully 

    TimeoutError: page.waitForSelector: Timeout 10000ms exceeded.
    Call log:
      - waiting for locator('[data-sonner-toast]') to be visible


      313 |
      314 |     // Assert - Should show error toast (using Sonner toast selector)
    > 315 |     await page.waitForSelector('[data-sonner-toast]', { timeout: 10000 });
          |                ^
      316 |
      317 |     const toast = page.locator('[data-sonner-toast]').first();
      318 |     await expect(toast).toContainText(/erro/i, { timeout: 5000 });
        at /Users/farinelli/Documents/Projects/lia360-web/.auto-claude/worktrees/tasks/007-comprehensive-test-suite/apps/web/tests/e2e/auth.spec.ts:315:16

    attachment #1: screenshot (image/png) ──────────────────────────────────────────────────────────
    ../test-results/e2e-auth-User-Registration-68599-e-network-errors-gracefully-chromium/test-failed-1.png
    ────────────────────────────────────────────────────────────────────────────────────────────────

    attachment #2: video (video/webm) ──────────────────────────────────────────────────────────────
    ../test-results/e2e-auth-User-Registration-68599-e-network-errors-gracefully-chromium/video.webm
    ────────────────────────────────────────────────────────────────────────────────────────────────
]]>
</failure>
<system-out>
<![CDATA[
[[ATTACHMENT|e2e-auth-User-Registration-68599-e-network-errors-gracefully-chromium/test-failed-1.png]]

[[ATTACHMENT|e2e-auth-User-Registration-68599-e-network-errors-gracefully-chromium/video.webm]]
]]>
</system-out>
</testcase>
<testcase name="User Login Flow › should login with valid credentials" classname="e2e/auth.spec.ts" time="11.132">
<failure message="auth.spec.ts:337:7 should login with valid credentials" type="FAILURE">
<![CDATA[  [chromium] › e2e/auth.spec.ts:337:7 › User Login Flow › should login with valid credentials ──────

    TimeoutError: page.waitForURL: Timeout 10000ms exceeded.
    =========================== logs ===========================
    waiting for navigation to "**/dashboard/**" until "load"
    ============================================================

      351 |
      352 |     // Assert - Should navigate to dashboard
    > 353 |     await page.waitForURL('**/dashboard/**', { timeout: 10000 });
          |                ^
      354 |     expect(page.url()).toContain('/dashboard');
      355 |
      356 |     // Verify tokens are stored
        at /Users/farinelli/Documents/Projects/lia360-web/.auto-claude/worktrees/tasks/007-comprehensive-test-suite/apps/web/tests/e2e/auth.spec.ts:353:16

    attachment #1: screenshot (image/png) ──────────────────────────────────────────────────────────
    ../test-results/e2e-auth-User-Login-Flow-should-login-with-valid-credentials-chromium/test-failed-1.png
    ────────────────────────────────────────────────────────────────────────────────────────────────

    attachment #2: video (video/webm) ──────────────────────────────────────────────────────────────
    ../test-results/e2e-auth-User-Login-Flow-should-login-with-valid-credentials-chromium/video.webm
    ────────────────────────────────────────────────────────────────────────────────────────────────

    Error Context: ../test-results/e2e-auth-User-Login-Flow-should-login-with-valid-credentials-chromium/error-context.md
]]>
</failure>
<system-out>
<![CDATA[
[[ATTACHMENT|e2e-auth-User-Login-Flow-should-login-with-valid-credentials-chromium/test-failed-1.png]]

[[ATTACHMENT|e2e-auth-User-Login-Flow-should-login-with-valid-credentials-chromium/video.webm]]

[[ATTACHMENT|e2e-auth-User-Login-Flow-should-login-with-valid-credentials-chromium/error-context.md]]
]]>
</system-out>
</testcase>
<testcase name="User Login Flow › should show validation errors for missing required fields" classname="e2e/auth.spec.ts" time="0.357">
</testcase>
<testcase name="User Login Flow › should show validation error for invalid email format" classname="e2e/auth.spec.ts" time="0.351">
</testcase>
<testcase name="User Login Flow › should show error toast for invalid credentials" classname="e2e/auth.spec.ts" time="10.702">
<failure message="auth.spec.ts:414:7 should show error toast for invalid credentials" type="FAILURE">
<![CDATA[  [chromium] › e2e/auth.spec.ts:414:7 › User Login Flow › should show error toast for invalid credentials 

    TimeoutError: page.waitForSelector: Timeout 10000ms exceeded.
    Call log:
      - waiting for locator('[data-sonner-toast]') to be visible


      423 |
      424 |     // Assert - Should show error toast (using Sonner toast selector)
    > 425 |     await page.waitForSelector('[data-sonner-toast]', { timeout: 10000 });
          |                ^
      426 |
      427 |     const toast = page.locator('[data-sonner-toast]').first();
      428 |     await expect(toast).toContainText(/erro/i, { timeout: 5000 });
        at /Users/farinelli/Documents/Projects/lia360-web/.auto-claude/worktrees/tasks/007-comprehensive-test-suite/apps/web/tests/e2e/auth.spec.ts:425:16

    attachment #1: screenshot (image/png) ──────────────────────────────────────────────────────────
    ../test-results/e2e-auth-User-Login-Flow-s-997f5-ast-for-invalid-credentials-chromium/test-failed-1.png
    ────────────────────────────────────────────────────────────────────────────────────────────────

    attachment #2: video (video/webm) ──────────────────────────────────────────────────────────────
    ../test-results/e2e-auth-User-Login-Flow-s-997f5-ast-for-invalid-credentials-chromium/video.webm
    ────────────────────────────────────────────────────────────────────────────────────────────────

    Error Context: ../test-results/e2e-auth-User-Login-Flow-s-997f5-ast-for-invalid-credentials-chromium/error-context.md
]]>
</failure>
<system-out>
<![CDATA[
[[ATTACHMENT|e2e-auth-User-Login-Flow-s-997f5-ast-for-invalid-credentials-chromium/test-failed-1.png]]

[[ATTACHMENT|e2e-auth-User-Login-Flow-s-997f5-ast-for-invalid-credentials-chromium/video.webm]]

[[ATTACHMENT|e2e-auth-User-Login-Flow-s-997f5-ast-for-invalid-credentials-chromium/error-context.md]]
]]>
</system-out>
</testcase>
<testcase name="User Login Flow › should show error toast for wrong password" classname="e2e/auth.spec.ts" time="11.151">
<failure message="auth.spec.ts:434:7 should show error toast for wrong password" type="FAILURE">
<![CDATA[  [chromium] › e2e/auth.spec.ts:434:7 › User Login Flow › should show error toast for wrong password 

    TimeoutError: page.waitForSelector: Timeout 10000ms exceeded.
    Call log:
      - waiting for locator('[data-sonner-toast]') to be visible


      448 |
      449 |     // Assert - Should show error toast
    > 450 |     await page.waitForSelector('[data-sonner-toast]', { timeout: 10000 });
          |                ^
      451 |
      452 |     const toast = page.locator('[data-sonner-toast]').first();
      453 |     await expect(toast).toContainText(/erro/i, { timeout: 5000 });
        at /Users/farinelli/Documents/Projects/lia360-web/.auto-claude/worktrees/tasks/007-comprehensive-test-suite/apps/web/tests/e2e/auth.spec.ts:450:16

    attachment #1: screenshot (image/png) ──────────────────────────────────────────────────────────
    ../test-results/e2e-auth-User-Login-Flow-s-deacb-or-toast-for-wrong-password-chromium/test-failed-1.png
    ────────────────────────────────────────────────────────────────────────────────────────────────

    attachment #2: video (video/webm) ──────────────────────────────────────────────────────────────
    ../test-results/e2e-auth-User-Login-Flow-s-deacb-or-toast-for-wrong-password-chromium/video.webm
    ────────────────────────────────────────────────────────────────────────────────────────────────

    Error Context: ../test-results/e2e-auth-User-Login-Flow-s-deacb-or-toast-for-wrong-password-chromium/error-context.md
]]>
</failure>
<system-out>
<![CDATA[
[[ATTACHMENT|e2e-auth-User-Login-Flow-s-deacb-or-toast-for-wrong-password-chromium/test-failed-1.png]]

[[ATTACHMENT|e2e-auth-User-Login-Flow-s-deacb-or-toast-for-wrong-password-chromium/video.webm]]

[[ATTACHMENT|e2e-auth-User-Login-Flow-s-deacb-or-toast-for-wrong-password-chromium/error-context.md]]
]]>
</system-out>
</testcase>
<testcase name="User Login Flow › should display loading state during login" classname="e2e/auth.spec.ts" time="2.905">
<failure message="auth.spec.ts:459:7 should display loading state during login" type="FAILURE">
<![CDATA[  [chromium] › e2e/auth.spec.ts:459:7 › User Login Flow › should display loading state during login 

    Error: expect(locator).toBeDisabled() failed

    Locator:  locator('button[type="submit"]')
    Expected: disabled
    Received: enabled
    Timeout:  2000ms

    Call log:
      - Expect "toBeDisabled" with timeout 2000ms
      - waiting for locator('button[type="submit"]')
        6 × locator resolved to <button type="submit" class="inline-flex items-center justify-center whitespace-nowrap rounded-md text-sm font-medium transition-colors focus-visible:outline-none focus-visible:ring-1 focus-visible:ring-ring disabled:pointer-events-none disabled:opacity-50 bg-primary text-primary-foreground shadow hover:bg-primary/90 h-9 px-4 py-2 w-full">Entrar</button>
          - unexpected value "enabled"


      474 |
      475 |     // Assert - Button should show loading state or be disabled
    > 476 |     await expect(submitButton).toBeDisabled({ timeout: 2000 });
          |                                ^
      477 |
      478 |     // Wait for login to complete
      479 |     await page.waitForURL('**/dashboard/**', { timeout: 10000 });
        at /Users/farinelli/Documents/Projects/lia360-web/.auto-claude/worktrees/tasks/007-comprehensive-test-suite/apps/web/tests/e2e/auth.spec.ts:476:32

    attachment #1: screenshot (image/png) ──────────────────────────────────────────────────────────
    ../test-results/e2e-auth-User-Login-Flow-s-3df91--loading-state-during-login-chromium/test-failed-1.png
    ────────────────────────────────────────────────────────────────────────────────────────────────

    attachment #2: video (video/webm) ──────────────────────────────────────────────────────────────
    ../test-results/e2e-auth-User-Login-Flow-s-3df91--loading-state-during-login-chromium/video.webm
    ────────────────────────────────────────────────────────────────────────────────────────────────

    Error Context: ../test-results/e2e-auth-User-Login-Flow-s-3df91--loading-state-during-login-chromium/error-context.md
]]>
</failure>
<system-out>
<![CDATA[
[[ATTACHMENT|e2e-auth-User-Login-Flow-s-3df91--loading-state-during-login-chromium/test-failed-1.png]]

[[ATTACHMENT|e2e-auth-User-Login-Flow-s-3df91--loading-state-during-login-chromium/video.webm]]

[[ATTACHMENT|e2e-auth-User-Login-Flow-s-3df91--loading-state-during-login-chromium/error-context.md]]
]]>
</system-out>
</testcase>
<testcase name="User Login Flow › should show success toast after successful login" classname="e2e/auth.spec.ts" time="0.188">
<failure message="auth.spec.ts:482:7 should show success toast after successful login" type="FAILURE">
<![CDATA[  [chromium] › e2e/auth.spec.ts:482:7 › User Login Flow › should show success toast after successful login 

    Error: Muitas tentativas. Tente novamente em alguns minutos.

       at helpers/auth.ts:286

      284 |   if (!response.ok) {
      285 |     const error = await response.json();
    > 286 |     throw new Error(error.error?.detail || 'API registration failed');
          |           ^
      287 |   }
      288 |
      289 |   const data = await response.json();
        at apiRegister (/Users/farinelli/Documents/Projects/lia360-web/.auto-claude/worktrees/tasks/007-comprehensive-test-suite/apps/web/tests/helpers/auth.ts:286:11)
        at /Users/farinelli/Documents/Projects/lia360-web/.auto-claude/worktrees/tasks/007-comprehensive-test-suite/apps/web/tests/e2e/auth.spec.ts:487:5

    attachment #1: screenshot (image/png) ──────────────────────────────────────────────────────────
    ../test-results/e2e-auth-User-Login-Flow-s-364f3-oast-after-successful-login-chromium/test-failed-1.png
    ────────────────────────────────────────────────────────────────────────────────────────────────

    attachment #2: video (video/webm) ──────────────────────────────────────────────────────────────
    ../test-results/e2e-auth-User-Login-Flow-s-364f3-oast-after-successful-login-chromium/video.webm
    ────────────────────────────────────────────────────────────────────────────────────────────────
]]>
</failure>
<system-out>
<![CDATA[
[[ATTACHMENT|e2e-auth-User-Login-Flow-s-364f3-oast-after-successful-login-chromium/test-failed-1.png]]

[[ATTACHMENT|e2e-auth-User-Login-Flow-s-364f3-oast-after-successful-login-chromium/video.webm]]
]]>
</system-out>
</testcase>
<testcase name="User Login Flow › should navigate to register page when clicking &quot;Criar conta&quot; link" classname="e2e/auth.spec.ts" time="0.363">
</testcase>
<testcase name="User Login Flow › should have proper form labels and placeholders" classname="e2e/auth.spec.ts" time="0.325">
</testcase>
<testcase name="User Login Flow › should auto-login user after registration and allow logout/login" classname="e2e/auth.spec.ts" time="10.827">
<failure message="auth.spec.ts:532:7 should auto-login user after registration and allow logout/login" type="FAILURE">
<![CDATA[  [chromium] › e2e/auth.spec.ts:532:7 › User Login Flow › should auto-login user after registration and allow logout/login 

    TimeoutError: page.waitForURL: Timeout 10000ms exceeded.
    =========================== logs ===========================
    waiting for navigation to "**/dashboard/**" until "load"
    ============================================================

       at helpers/auth.ts:54

      52 |
      53 |   // Wait for navigation or context selection page
    > 54 |   await page.waitForURL('**/dashboard/**', { timeout: 10000 });
         |              ^
      55 |
      56 |   // Get tokens from localStorage
      57 |   const tokens = await getAuthTokensFromPage(page);
        at registerUser (/Users/farinelli/Documents/Projects/lia360-web/.auto-claude/worktrees/tasks/007-comprehensive-test-suite/apps/web/tests/helpers/auth.ts:54:14)
        at /Users/farinelli/Documents/Projects/lia360-web/.auto-claude/worktrees/tasks/007-comprehensive-test-suite/apps/web/tests/e2e/auth.spec.ts:535:5

    attachment #1: screenshot (image/png) ──────────────────────────────────────────────────────────
    ../test-results/e2e-auth-User-Login-Flow-s-7456a-tion-and-allow-logout-login-chromium/test-failed-1.png
    ────────────────────────────────────────────────────────────────────────────────────────────────

    attachment #2: video (video/webm) ──────────────────────────────────────────────────────────────
    ../test-results/e2e-auth-User-Login-Flow-s-7456a-tion-and-allow-logout-login-chromium/video.webm
    ────────────────────────────────────────────────────────────────────────────────────────────────

    Error Context: ../test-results/e2e-auth-User-Login-Flow-s-7456a-tion-and-allow-logout-login-chromium/error-context.md
]]>
</failure>
<system-out>
<![CDATA[
[[ATTACHMENT|e2e-auth-User-Login-Flow-s-7456a-tion-and-allow-logout-login-chromium/test-failed-1.png]]

[[ATTACHMENT|e2e-auth-User-Login-Flow-s-7456a-tion-and-allow-logout-login-chromium/video.webm]]

[[ATTACHMENT|e2e-auth-User-Login-Flow-s-7456a-tion-and-allow-logout-login-chromium/error-context.md]]
]]>
</system-out>
</testcase>
<testcase name="User Login Flow › should maintain session across page navigation" classname="e2e/auth.spec.ts" time="0.153">
<failure message="auth.spec.ts:563:7 should maintain session across page navigation" type="FAILURE">
<![CDATA[  [chromium] › e2e/auth.spec.ts:563:7 › User Login Flow › should maintain session across page navigation 

    Error: Muitas tentativas. Tente novamente em alguns minutos.

       at helpers/auth.ts:286

      284 |   if (!response.ok) {
      285 |     const error = await response.json();
    > 286 |     throw new Error(error.error?.detail || 'API registration failed');
          |           ^
      287 |   }
      288 |
      289 |   const data = await response.json();
        at apiRegister (/Users/farinelli/Documents/Projects/lia360-web/.auto-claude/worktrees/tasks/007-comprehensive-test-suite/apps/web/tests/helpers/auth.ts:286:11)
        at /Users/farinelli/Documents/Projects/lia360-web/.auto-claude/worktrees/tasks/007-comprehensive-test-suite/apps/web/tests/e2e/auth.spec.ts:566:5

    attachment #1: screenshot (image/png) ──────────────────────────────────────────────────────────
    ../test-results/e2e-auth-User-Login-Flow-s-0acb6-sion-across-page-navigation-chromium/test-failed-1.png
    ────────────────────────────────────────────────────────────────────────────────────────────────

    attachment #2: video (video/webm) ──────────────────────────────────────────────────────────────
    ../test-results/e2e-auth-User-Login-Flow-s-0acb6-sion-across-page-navigation-chromium/video.webm
    ────────────────────────────────────────────────────────────────────────────────────────────────
]]>
</failure>
<system-out>
<![CDATA[
[[ATTACHMENT|e2e-auth-User-Login-Flow-s-0acb6-sion-across-page-navigation-chromium/test-failed-1.png]]

[[ATTACHMENT|e2e-auth-User-Login-Flow-s-0acb6-sion-across-page-navigation-chromium/video.webm]]
]]>
</system-out>
</testcase>
<testcase name="User Login Flow › should redirect to login when accessing protected route without auth" classname="e2e/auth.spec.ts" time="12.751">
<failure message="auth.spec.ts:594:7 should redirect to login when accessing protected route without auth" type="FAILURE">
<![CDATA[  [chromium] › e2e/auth.spec.ts:594:7 › User Login Flow › should redirect to login when accessing protected route without auth 

    TimeoutError: page.waitForURL: Timeout 10000ms exceeded.
    =========================== logs ===========================
    waiting for navigation to "**/login" until "load"
    ============================================================

      597 |
      598 |     // Assert - Should redirect to login page
    > 599 |     await page.waitForURL('**/login', { timeout: 10000 });
          |                ^
      600 |     expect(page.url()).toContain('/login');
      601 |   });
      602 |
        at /Users/farinelli/Documents/Projects/lia360-web/.auto-claude/worktrees/tasks/007-comprehensive-test-suite/apps/web/tests/e2e/auth.spec.ts:599:16

    attachment #1: screenshot (image/png) ──────────────────────────────────────────────────────────
    ../test-results/e2e-auth-User-Login-Flow-s-1fe56-rotected-route-without-auth-chromium/test-failed-1.png
    ────────────────────────────────────────────────────────────────────────────────────────────────

    attachment #2: video (video/webm) ──────────────────────────────────────────────────────────────
    ../test-results/e2e-auth-User-Login-Flow-s-1fe56-rotected-route-without-auth-chromium/video.webm
    ────────────────────────────────────────────────────────────────────────────────────────────────

    Error Context: ../test-results/e2e-auth-User-Login-Flow-s-1fe56-rotected-route-without-auth-chromium/error-context.md
]]>
</failure>
<system-out>
<![CDATA[
[[ATTACHMENT|e2e-auth-User-Login-Flow-s-1fe56-rotected-route-without-auth-chromium/test-failed-1.png]]

[[ATTACHMENT|e2e-auth-User-Login-Flow-s-1fe56-rotected-route-without-auth-chromium/video.webm]]

[[ATTACHMENT|e2e-auth-User-Login-Flow-s-1fe56-rotected-route-without-auth-chromium/error-context.md]]
]]>
</system-out>
</testcase>
<testcase name="User Login Flow › should handle network errors gracefully during login" classname="e2e/auth.spec.ts" time="11.046">
<failure message="auth.spec.ts:603:7 should handle network errors gracefully during login" type="FAILURE">
<![CDATA[  [chromium] › e2e/auth.spec.ts:603:7 › User Login Flow › should handle network errors gracefully during login 

    TimeoutError: page.waitForSelector: Timeout 10000ms exceeded.
    Call log:
      - waiting for locator('[data-sonner-toast]') to be visible


      617 |
      618 |     // Assert - Should show error toast (using Sonner toast selector)
    > 619 |     await page.waitForSelector('[data-sonner-toast]', { timeout: 10000 });
          |                ^
      620 |
      621 |     const toast = page.locator('[data-sonner-toast]').first();
      622 |     await expect(toast).toContainText(/erro/i, { timeout: 5000 });
        at /Users/farinelli/Documents/Projects/lia360-web/.auto-claude/worktrees/tasks/007-comprehensive-test-suite/apps/web/tests/e2e/auth.spec.ts:619:16

    attachment #1: screenshot (image/png) ──────────────────────────────────────────────────────────
    ../test-results/e2e-auth-User-Login-Flow-s-0eab1-ors-gracefully-during-login-chromium/test-failed-1.png
    ────────────────────────────────────────────────────────────────────────────────────────────────

    attachment #2: video (video/webm) ──────────────────────────────────────────────────────────────
    ../test-results/e2e-auth-User-Login-Flow-s-0eab1-ors-gracefully-during-login-chromium/video.webm
    ────────────────────────────────────────────────────────────────────────────────────────────────
]]>
</failure>
<system-out>
<![CDATA[
[[ATTACHMENT|e2e-auth-User-Login-Flow-s-0eab1-ors-gracefully-during-login-chromium/test-failed-1.png]]

[[ATTACHMENT|e2e-auth-User-Login-Flow-s-0eab1-ors-gracefully-during-login-chromium/video.webm]]
]]>
</system-out>
</testcase>
<testcase name="User Login Flow › should login using helper function" classname="e2e/auth.spec.ts" time="0.389">
<failure message="auth.spec.ts:631:7 should login using helper function" type="FAILURE">
<![CDATA[  [chromium] › e2e/auth.spec.ts:631:7 › User Login Flow › should login using helper function ───────

    Error: Muitas tentativas. Tente novamente em alguns minutos.

       at helpers/auth.ts:286

      284 |   if (!response.ok) {
      285 |     const error = await response.json();
    > 286 |     throw new Error(error.error?.detail || 'API registration failed');
          |           ^
      287 |   }
      288 |
      289 |   const data = await response.json();
        at apiRegister (/Users/farinelli/Documents/Projects/lia360-web/.auto-claude/worktrees/tasks/007-comprehensive-test-suite/apps/web/tests/helpers/auth.ts:286:11)
        at /Users/farinelli/Documents/Projects/lia360-web/.auto-claude/worktrees/tasks/007-comprehensive-test-suite/apps/web/tests/e2e/auth.spec.ts:634:5

    attachment #1: screenshot (image/png) ──────────────────────────────────────────────────────────
    ../test-results/e2e-auth-User-Login-Flow-should-login-using-helper-function-chromium/test-failed-1.png
    ────────────────────────────────────────────────────────────────────────────────────────────────

    attachment #2: video (video/webm) ──────────────────────────────────────────────────────────────
    ../test-results/e2e-auth-User-Login-Flow-should-login-using-helper-function-chromium/video.webm
    ────────────────────────────────────────────────────────────────────────────────────────────────
]]>
</failure>
<system-out>
<![CDATA[
[[ATTACHMENT|e2e-auth-User-Login-Flow-should-login-using-helper-function-chromium/test-failed-1.png]]

[[ATTACHMENT|e2e-auth-User-Login-Flow-should-login-using-helper-function-chromium/video.webm]]
]]>
</system-out>
</testcase>
<testcase name="User Login Flow › should prevent login when already logged in" classname="e2e/auth.spec.ts" time="0.204">
<failure message="auth.spec.ts:648:7 should prevent login when already logged in" type="FAILURE">
<![CDATA[  [chromium] › e2e/auth.spec.ts:648:7 › User Login Flow › should prevent login when already logged in 

    Error: Muitas tentativas. Tente novamente em alguns minutos.

       at helpers/auth.ts:286

      284 |   if (!response.ok) {
      285 |     const error = await response.json();
    > 286 |     throw new Error(error.error?.detail || 'API registration failed');
          |           ^
      287 |   }
      288 |
      289 |   const data = await response.json();
        at apiRegister (/Users/farinelli/Documents/Projects/lia360-web/.auto-claude/worktrees/tasks/007-comprehensive-test-suite/apps/web/tests/helpers/auth.ts:286:11)
        at /Users/farinelli/Documents/Projects/lia360-web/.auto-claude/worktrees/tasks/007-comprehensive-test-suite/apps/web/tests/e2e/auth.spec.ts:651:5

    attachment #1: screenshot (image/png) ──────────────────────────────────────────────────────────
    ../test-results/e2e-auth-User-Login-Flow-s-32ecb-ogin-when-already-logged-in-chromium/test-failed-1.png
    ────────────────────────────────────────────────────────────────────────────────────────────────

    attachment #2: video (video/webm) ──────────────────────────────────────────────────────────────
    ../test-results/e2e-auth-User-Login-Flow-s-32ecb-ogin-when-already-logged-in-chromium/video.webm
    ────────────────────────────────────────────────────────────────────────────────────────────────
]]>
</failure>
<system-out>
<![CDATA[
[[ATTACHMENT|e2e-auth-User-Login-Flow-s-32ecb-ogin-when-already-logged-in-chromium/test-failed-1.png]]

[[ATTACHMENT|e2e-auth-User-Login-Flow-s-32ecb-ogin-when-already-logged-in-chromium/video.webm]]
]]>
</system-out>
</testcase>
<testcase name="User Login Flow › should clear previous session when logging in with different user" classname="e2e/auth.spec.ts" time="0.204">
<failure message="auth.spec.ts:671:7 should clear previous session when logging in with different user" type="FAILURE">
<![CDATA[  [chromium] › e2e/auth.spec.ts:671:7 › User Login Flow › should clear previous session when logging in with different user 

    Error: Muitas tentativas. Tente novamente em alguns minutos.

       at helpers/auth.ts:286

      284 |   if (!response.ok) {
      285 |     const error = await response.json();
    > 286 |     throw new Error(error.error?.detail || 'API registration failed');
          |           ^
      287 |   }
      288 |
      289 |   const data = await response.json();
        at apiRegister (/Users/farinelli/Documents/Projects/lia360-web/.auto-claude/worktrees/tasks/007-comprehensive-test-suite/apps/web/tests/helpers/auth.ts:286:11)
        at /Users/farinelli/Documents/Projects/lia360-web/.auto-claude/worktrees/tasks/007-comprehensive-test-suite/apps/web/tests/e2e/auth.spec.ts:676:5

    attachment #1: screenshot (image/png) ──────────────────────────────────────────────────────────
    ../test-results/e2e-auth-User-Login-Flow-s-52663-ging-in-with-different-user-chromium/test-failed-1.png
    ────────────────────────────────────────────────────────────────────────────────────────────────

    attachment #2: video (video/webm) ──────────────────────────────────────────────────────────────
    ../test-results/e2e-auth-User-Login-Flow-s-52663-ging-in-with-different-user-chromium/video.webm
    ────────────────────────────────────────────────────────────────────────────────────────────────
]]>
</failure>
<system-out>
<![CDATA[
[[ATTACHMENT|e2e-auth-User-Login-Flow-s-52663-ging-in-with-different-user-chromium/test-failed-1.png]]

[[ATTACHMENT|e2e-auth-User-Login-Flow-s-52663-ging-in-with-different-user-chromium/video.webm]]
]]>
</system-out>
</testcase>
<testcase name="Context Selection Flow › should display context selection page when user has multiple workspaces" classname="e2e/auth.spec.ts" time="2.561">
</testcase>
<testcase name="Context Selection Flow › should redirect to login if no token is provided" classname="e2e/auth.spec.ts" time="2.286">
</testcase>
<testcase name="Context Selection Flow › should navigate back to login when clicking back button" classname="e2e/auth.spec.ts" time="4.344">
</testcase>
<testcase name="Context Selection Flow › should handle context selection errors gracefully" classname="e2e/auth.spec.ts" time="3.349">
</testcase>
<testcase name="Context Selection Flow › should show loading state when selecting workspace" classname="e2e/auth.spec.ts" time="2.276">
</testcase>
<testcase name="Context Selection Flow › should display company and workspace information" classname="e2e/auth.spec.ts" time="2.287">
</testcase>
<testcase name="Context Selection Flow › should show empty state when no workspaces available" classname="e2e/auth.spec.ts" time="2.382">
</testcase>
<testcase name="Context Selection Flow › should have proper page structure and accessibility" classname="e2e/auth.spec.ts" time="2.378">
</testcase>
<testcase name="Context Selection Flow › should use selectContext helper from auth helpers" classname="e2e/auth.spec.ts" time="0.146">
</testcase>
<testcase name="Context Selection Flow › should handle URL parameter for selection token" classname="e2e/auth.spec.ts" time="2.278">
</testcase>
</testsuite>
<testsuite name="e2e/kanban.spec.ts" timestamp="2026-01-30T06:28:56.781Z" hostname="chromium" tests="36" failures="6" skipped="30" time="0" errors="0">
<testcase name="Kanban Board View and Navigation › should display Kanban board with default pipeline" classname="e2e/kanban.spec.ts" time="0">
<failure message="kanban.spec.ts:50:7 should display Kanban board with default pipeline" type="FAILURE">
<![CDATA[  [chromium] › e2e/kanban.spec.ts:50:7 › Kanban Board View and Navigation › should display Kanban board with default pipeline 

    Error: Muitas tentativas. Tente novamente em alguns minutos.

       at helpers/auth.ts:286

      284 |   if (!response.ok) {
      285 |     const error = await response.json();
    > 286 |     throw new Error(error.error?.detail || 'API registration failed');
          |           ^
      287 |   }
      288 |
      289 |   const data = await response.json();
        at apiRegister (/Users/farinelli/Documents/Projects/lia360-web/.auto-claude/worktrees/tasks/007-comprehensive-test-suite/apps/web/tests/helpers/auth.ts:286:11)
        at /Users/farinelli/Documents/Projects/lia360-web/.auto-claude/worktrees/tasks/007-comprehensive-test-suite/apps/web/tests/e2e/kanban.spec.ts:30:7
]]>
</failure>
</testcase>
<testcase name="Kanban Board View and Navigation › should display all stage columns with correct structure" classname="e2e/kanban.spec.ts" time="0">
<skipped>
</skipped>
</testcase>
<testcase name="Kanban Board View and Navigation › should display stage metrics correctly" classname="e2e/kanban.spec.ts" time="0">
<skipped>
</skipped>
</testcase>
<testcase name="Kanban Board View and Navigation › should show empty state when no leads exist" classname="e2e/kanban.spec.ts" time="0">
<skipped>
</skipped>
</testcase>
<testcase name="Kanban Board View and Navigation › should display leads in correct stages" classname="e2e/kanban.spec.ts" time="0">
<skipped>
</skipped>
</testcase>
<testcase name="Kanban Board View and Navigation › should navigate from dashboard to leads page" classname="e2e/kanban.spec.ts" time="0">
<skipped>
</skipped>
</testcase>
<testcase name="Kanban Board View and Navigation › should display pipeline selector" classname="e2e/kanban.spec.ts" time="0">
<skipped>
</skipped>
</testcase>
<testcase name="Kanban Board View and Navigation › should display stage manager button" classname="e2e/kanban.spec.ts" time="0">
<skipped>
</skipped>
</testcase>
<testcase name="Kanban Board View and Navigation › should display create lead button" classname="e2e/kanban.spec.ts" time="0">
<skipped>
</skipped>
</testcase>
<testcase name="Kanban Board View and Navigation › should show colored stage headers" classname="e2e/kanban.spec.ts" time="0">
<failure message="kanban.spec.ts:259:7 should show colored stage headers" type="FAILURE">
<![CDATA[  [chromium] › e2e/kanban.spec.ts:259:7 › Kanban Board View and Navigation › should show colored stage headers 

    Error: Muitas tentativas. Tente novamente em alguns minutos.

       at helpers/auth.ts:286

      284 |   if (!response.ok) {
      285 |     const error = await response.json();
    > 286 |     throw new Error(error.error?.detail || 'API registration failed');
          |           ^
      287 |   }
      288 |
      289 |   const data = await response.json();
        at apiRegister (/Users/farinelli/Documents/Projects/lia360-web/.auto-claude/worktrees/tasks/007-comprehensive-test-suite/apps/web/tests/helpers/auth.ts:286:11)
        at /Users/farinelli/Documents/Projects/lia360-web/.auto-claude/worktrees/tasks/007-comprehensive-test-suite/apps/web/tests/e2e/kanban.spec.ts:30:7
]]>
</failure>
</testcase>
<testcase name="Kanban Board View and Navigation › should display stage icons in headers" classname="e2e/kanban.spec.ts" time="0">
<skipped>
</skipped>
</testcase>
<testcase name="Kanban Board View and Navigation › should have accessible page structure" classname="e2e/kanban.spec.ts" time="0">
<skipped>
</skipped>
</testcase>
<testcase name="Kanban Board Drag and Drop › should drag a lead card from one stage to another" classname="e2e/kanban.spec.ts" time="0">
<failure message="kanban.spec.ts:392:7 should drag a lead card from one stage to another" type="FAILURE">
<![CDATA[  [chromium] › e2e/kanban.spec.ts:392:7 › Kanban Board Drag and Drop › should drag a lead card from one stage to another 

    Error: Muitas tentativas. Tente novamente em alguns minutos.

       at helpers/auth.ts:286

      284 |   if (!response.ok) {
      285 |     const error = await response.json();
    > 286 |     throw new Error(error.error?.detail || 'API registration failed');
          |           ^
      287 |   }
      288 |
      289 |   const data = await response.json();
        at apiRegister (/Users/farinelli/Documents/Projects/lia360-web/.auto-claude/worktrees/tasks/007-comprehensive-test-suite/apps/web/tests/helpers/auth.ts:286:11)
        at /Users/farinelli/Documents/Projects/lia360-web/.auto-claude/worktrees/tasks/007-comprehensive-test-suite/apps/web/tests/e2e/kanban.spec.ts:372:7
]]>
</failure>
</testcase>
<testcase name="Kanban Board Drag and Drop › should show visual feedback during drag operation" classname="e2e/kanban.spec.ts" time="0">
<skipped>
</skipped>
</testcase>
<testcase name="Kanban Board Drag and Drop › should update lead position after drag within same stage" classname="e2e/kanban.spec.ts" time="0">
<skipped>
</skipped>
</testcase>
<testcase name="Kanban Board Drag and Drop › should update stage metrics after moving lead" classname="e2e/kanban.spec.ts" time="0">
<skipped>
</skipped>
</testcase>
<testcase name="Kanban Board Drag and Drop › should handle drag operation to last stage" classname="e2e/kanban.spec.ts" time="0">
<skipped>
</skipped>
</testcase>
<testcase name="Kanban Board Drag and Drop › should not break when dragging to same column" classname="e2e/kanban.spec.ts" time="0">
<skipped>
</skipped>
</testcase>
<testcase name="Kanban Board Drag and Drop › should maintain lead data integrity after drag" classname="e2e/kanban.spec.ts" time="0">
<failure message="kanban.spec.ts:682:7 should maintain lead data integrity after drag" type="FAILURE">
<![CDATA[  [chromium] › e2e/kanban.spec.ts:682:7 › Kanban Board Drag and Drop › should maintain lead data integrity after drag 

    Error: Muitas tentativas. Tente novamente em alguns minutos.

       at helpers/auth.ts:286

      284 |   if (!response.ok) {
      285 |     const error = await response.json();
    > 286 |     throw new Error(error.error?.detail || 'API registration failed');
          |           ^
      287 |   }
      288 |
      289 |   const data = await response.json();
        at apiRegister (/Users/farinelli/Documents/Projects/lia360-web/.auto-claude/worktrees/tasks/007-comprehensive-test-suite/apps/web/tests/helpers/auth.ts:286:11)
        at /Users/farinelli/Documents/Projects/lia360-web/.auto-claude/worktrees/tasks/007-comprehensive-test-suite/apps/web/tests/e2e/kanban.spec.ts:372:7
]]>
</failure>
</testcase>
<testcase name="Kanban Board Drag and Drop › should handle rapid drag operations" classname="e2e/kanban.spec.ts" time="0">
<skipped>
</skipped>
</testcase>
<testcase name="Kanban Board Drag and Drop › should handle drag to column with existing cards" classname="e2e/kanban.spec.ts" time="0">
<skipped>
</skipped>
</testcase>
<testcase name="Kanban Board Filtering and Searching › should display filter toggle button" classname="e2e/kanban.spec.ts" time="0">
<failure message="kanban.spec.ts:887:7 should display filter toggle button" type="FAILURE">
<![CDATA[  [chromium] › e2e/kanban.spec.ts:887:7 › Kanban Board Filtering and Searching › should display filter toggle button 

    Error: Muitas tentativas. Tente novamente em alguns minutos.

       at helpers/auth.ts:286

      284 |   if (!response.ok) {
      285 |     const error = await response.json();
    > 286 |     throw new Error(error.error?.detail || 'API registration failed');
          |           ^
      287 |   }
      288 |
      289 |   const data = await response.json();
        at apiRegister (/Users/farinelli/Documents/Projects/lia360-web/.auto-claude/worktrees/tasks/007-comprehensive-test-suite/apps/web/tests/helpers/auth.ts:286:11)
        at /Users/farinelli/Documents/Projects/lia360-web/.auto-claude/worktrees/tasks/007-comprehensive-test-suite/apps/web/tests/e2e/kanban.spec.ts:867:7
]]>
</failure>
</testcase>
<testcase name="Kanban Board Filtering and Searching › should open filter panel when toggle button is clicked" classname="e2e/kanban.spec.ts" time="0">
<skipped>
</skipped>
</testcase>
<testcase name="Kanban Board Filtering and Searching › should display score range filter inputs" classname="e2e/kanban.spec.ts" time="0">
<skipped>
</skipped>
</testcase>
<testcase name="Kanban Board Filtering and Searching › should display sort dropdown with options" classname="e2e/kanban.spec.ts" time="0">
<skipped>
</skipped>
</testcase>
<testcase name="Kanban Board Filtering and Searching › should display clear filters button when filters are active" classname="e2e/kanban.spec.ts" time="0">
<skipped>
</skipped>
</testcase>
<testcase name="Kanban Board Filtering and Searching › should filter leads by minimum score" classname="e2e/kanban.spec.ts" time="0">
<skipped>
</skipped>
</testcase>
<testcase name="Kanban Board Filtering and Searching › should filter leads by maximum score" classname="e2e/kanban.spec.ts" time="0">
<failure message="kanban.spec.ts:1092:7 should filter leads by maximum score" type="FAILURE">
<![CDATA[  [chromium] › e2e/kanban.spec.ts:1092:7 › Kanban Board Filtering and Searching › should filter leads by maximum score 

    Error: Muitas tentativas. Tente novamente em alguns minutos.

       at helpers/auth.ts:286

      284 |   if (!response.ok) {
      285 |     const error = await response.json();
    > 286 |     throw new Error(error.error?.detail || 'API registration failed');
          |           ^
      287 |   }
      288 |
      289 |   const data = await response.json();
        at apiRegister (/Users/farinelli/Documents/Projects/lia360-web/.auto-claude/worktrees/tasks/007-comprehensive-test-suite/apps/web/tests/helpers/auth.ts:286:11)
        at /Users/farinelli/Documents/Projects/lia360-web/.auto-claude/worktrees/tasks/007-comprehensive-test-suite/apps/web/tests/e2e/kanban.spec.ts:867:7
]]>
</failure>
</testcase>
<testcase name="Kanban Board Filtering and Searching › should filter leads by score range" classname="e2e/kanban.spec.ts" time="0">
<skipped>
</skipped>
</testcase>
<testcase name="Kanban Board Filtering and Searching › should sort leads by highest score" classname="e2e/kanban.spec.ts" time="0">
<skipped>
</skipped>
</testcase>
<testcase name="Kanban Board Filtering and Searching › should sort leads by lowest score" classname="e2e/kanban.spec.ts" time="0">
<skipped>
</skipped>
</testcase>
<testcase name="Kanban Board Filtering and Searching › should clear all filters when clear button is clicked" classname="e2e/kanban.spec.ts" time="0">
<skipped>
</skipped>
</testcase>
<testcase name="Kanban Board Filtering and Searching › should hide filter panel when filters are cleared and toggle is clicked" classname="e2e/kanban.spec.ts" time="0">
<skipped>
</skipped>
</testcase>
<testcase name="Kanban Board Filtering and Searching › should maintain filter state when navigating away and back" classname="e2e/kanban.spec.ts" time="0">
<skipped>
</skipped>
</testcase>
<testcase name="Kanban Board Filtering and Searching › should handle invalid score values gracefully" classname="e2e/kanban.spec.ts" time="0">
<skipped>
</skipped>
</testcase>
<testcase name="Kanban Board Filtering and Searching › should combine filters and sort options" classname="e2e/kanban.spec.ts" time="0">
<skipped>
</skipped>
</testcase>
</testsuite>
<testsuite name="e2e/lead-capture.spec.ts" timestamp="2026-01-30T06:28:56.781Z" hostname="chromium" tests="27" failures="5" skipped="22" time="0" errors="0">
<testcase name="Manual Lead Creation Flow › should open create lead dialog when clicking &quot;Novo Lead&quot; button" classname="e2e/lead-capture.spec.ts" time="0">
<failure message="lead-capture.spec.ts:41:7 should open create lead dialog when clicking &quot;Novo Lead&quot; button" type="FAILURE">
<![CDATA[  [chromium] › e2e/lead-capture.spec.ts:41:7 › Manual Lead Creation Flow › should open create lead dialog when clicking "Novo Lead" button 

    Error: Muitas tentativas. Tente novamente em alguns minutos.

       at helpers/auth.ts:286

      284 |   if (!response.ok) {
      285 |     const error = await response.json();
    > 286 |     throw new Error(error.error?.detail || 'API registration failed');
          |           ^
      287 |   }
      288 |
      289 |   const data = await response.json();
        at apiRegister (/Users/farinelli/Documents/Projects/lia360-web/.auto-claude/worktrees/tasks/007-comprehensive-test-suite/apps/web/tests/helpers/auth.ts:286:11)
        at /Users/farinelli/Documents/Projects/lia360-web/.auto-claude/worktrees/tasks/007-comprehensive-test-suite/apps/web/tests/e2e/lead-capture.spec.ts:27:5
]]>
</failure>
</testcase>
<testcase name="Manual Lead Creation Flow › should create a new lead with all fields" classname="e2e/lead-capture.spec.ts" time="0">
<skipped>
</skipped>
</testcase>
<testcase name="Manual Lead Creation Flow › should create lead with minimum required fields" classname="e2e/lead-capture.spec.ts" time="0">
<skipped>
</skipped>
</testcase>
<testcase name="Manual Lead Creation Flow › should create lead with phone instead of email" classname="e2e/lead-capture.spec.ts" time="0">
<skipped>
</skipped>
</testcase>
<testcase name="Manual Lead Creation Flow › should show validation error when name is missing" classname="e2e/lead-capture.spec.ts" time="0">
<skipped>
</skipped>
</testcase>
<testcase name="Manual Lead Creation Flow › should show validation error when both email and phone are missing" classname="e2e/lead-capture.spec.ts" time="0">
<skipped>
</skipped>
</testcase>
<testcase name="Manual Lead Creation Flow › should show validation error for invalid email format" classname="e2e/lead-capture.spec.ts" time="0">
<skipped>
</skipped>
</testcase>
<testcase name="Manual Lead Creation Flow › should show validation error for invalid website URL" classname="e2e/lead-capture.spec.ts" time="0">
<failure message="lead-capture.spec.ts:269:7 should show validation error for invalid website URL" type="FAILURE">
<![CDATA[  [chromium] › e2e/lead-capture.spec.ts:269:7 › Manual Lead Creation Flow › should show validation error for invalid website URL 

    Error: Muitas tentativas. Tente novamente em alguns minutos.

       at helpers/auth.ts:286

      284 |   if (!response.ok) {
      285 |     const error = await response.json();
    > 286 |     throw new Error(error.error?.detail || 'API registration failed');
          |           ^
      287 |   }
      288 |
      289 |   const data = await response.json();
        at apiRegister (/Users/farinelli/Documents/Projects/lia360-web/.auto-claude/worktrees/tasks/007-comprehensive-test-suite/apps/web/tests/helpers/auth.ts:286:11)
        at /Users/farinelli/Documents/Projects/lia360-web/.auto-claude/worktrees/tasks/007-comprehensive-test-suite/apps/web/tests/e2e/lead-capture.spec.ts:27:5
]]>
</failure>
</testcase>
<testcase name="Manual Lead Creation Flow › should display loading state while creating lead" classname="e2e/lead-capture.spec.ts" time="0">
<skipped>
</skipped>
</testcase>
<testcase name="Manual Lead Creation Flow › should close dialog when clicking Cancel button" classname="e2e/lead-capture.spec.ts" time="0">
<skipped>
</skipped>
</testcase>
<testcase name="Manual Lead Creation Flow › should close dialog when clicking outside" classname="e2e/lead-capture.spec.ts" time="0">
<skipped>
</skipped>
</testcase>
<testcase name="Manual Lead Creation Flow › should pre-select first stage in dropdown" classname="e2e/lead-capture.spec.ts" time="0">
<skipped>
</skipped>
</testcase>
<testcase name="Manual Lead Creation Flow › should display all platform options" classname="e2e/lead-capture.spec.ts" time="0">
<skipped>
</skipped>
</testcase>
<testcase name="Manual Lead Creation Flow › should have proper form labels and placeholders" classname="e2e/lead-capture.spec.ts" time="0">
<skipped>
</skipped>
</testcase>
<testcase name="Manual Lead Creation Flow › should handle network errors gracefully" classname="e2e/lead-capture.spec.ts" time="0">
<failure message="lead-capture.spec.ts:447:7 should handle network errors gracefully" type="FAILURE">
<![CDATA[  [chromium] › e2e/lead-capture.spec.ts:447:7 › Manual Lead Creation Flow › should handle network errors gracefully 

    Error: Muitas tentativas. Tente novamente em alguns minutos.

       at helpers/auth.ts:286

      284 |   if (!response.ok) {
      285 |     const error = await response.json();
    > 286 |     throw new Error(error.error?.detail || 'API registration failed');
          |           ^
      287 |   }
      288 |
      289 |   const data = await response.json();
        at apiRegister (/Users/farinelli/Documents/Projects/lia360-web/.auto-claude/worktrees/tasks/007-comprehensive-test-suite/apps/web/tests/helpers/auth.ts:286:11)
        at /Users/farinelli/Documents/Projects/lia360-web/.auto-claude/worktrees/tasks/007-comprehensive-test-suite/apps/web/tests/e2e/lead-capture.spec.ts:27:5
]]>
</failure>
</testcase>
<testcase name="Manual Lead Creation Flow › should allow creating multiple leads in succession" classname="e2e/lead-capture.spec.ts" time="0">
<skipped>
</skipped>
</testcase>
<testcase name="CSV Lead Import Flow › should show import dialog when clicking import button" classname="e2e/lead-capture.spec.ts" time="0">
<failure message="lead-capture.spec.ts:564:7 should show import dialog when clicking import button" type="FAILURE">
<![CDATA[  [chromium] › e2e/lead-capture.spec.ts:564:7 › CSV Lead Import Flow › should show import dialog when clicking import button 

    Error: Muitas tentativas. Tente novamente em alguns minutos.

       at helpers/auth.ts:286

      284 |   if (!response.ok) {
      285 |     const error = await response.json();
    > 286 |     throw new Error(error.error?.detail || 'API registration failed');
          |           ^
      287 |   }
      288 |
      289 |   const data = await response.json();
        at apiRegister (/Users/farinelli/Documents/Projects/lia360-web/.auto-claude/worktrees/tasks/007-comprehensive-test-suite/apps/web/tests/helpers/auth.ts:286:11)
        at /Users/farinelli/Documents/Projects/lia360-web/.auto-claude/worktrees/tasks/007-comprehensive-test-suite/apps/web/tests/e2e/lead-capture.spec.ts:550:5
]]>
</failure>
</testcase>
<testcase name="CSV Lead Import Flow › should accept a valid CSV file for import" classname="e2e/lead-capture.spec.ts" time="0">
<skipped>
</skipped>
</testcase>
<testcase name="CSV Lead Import Flow › should show error for invalid CSV format" classname="e2e/lead-capture.spec.ts" time="0">
<skipped>
</skipped>
</testcase>
<testcase name="CSV Lead Import Flow › should show error for non-CSV file" classname="e2e/lead-capture.spec.ts" time="0">
<skipped>
</skipped>
</testcase>
<testcase name="CSV Lead Import Flow › should import leads from CSV successfully" classname="e2e/lead-capture.spec.ts" time="0">
<skipped>
</skipped>
</testcase>
<testcase name="CSV Lead Import Flow › should show import progress for large CSV" classname="e2e/lead-capture.spec.ts" time="0">
<failure message="lead-capture.spec.ts:752:7 should show import progress for large CSV" type="FAILURE">
<![CDATA[  [chromium] › e2e/lead-capture.spec.ts:752:7 › CSV Lead Import Flow › should show import progress for large CSV 

    Error: Muitas tentativas. Tente novamente em alguns minutos.

       at helpers/auth.ts:286

      284 |   if (!response.ok) {
      285 |     const error = await response.json();
    > 286 |     throw new Error(error.error?.detail || 'API registration failed');
          |           ^
      287 |   }
      288 |
      289 |   const data = await response.json();
        at apiRegister (/Users/farinelli/Documents/Projects/lia360-web/.auto-claude/worktrees/tasks/007-comprehensive-test-suite/apps/web/tests/helpers/auth.ts:286:11)
        at /Users/farinelli/Documents/Projects/lia360-web/.auto-claude/worktrees/tasks/007-comprehensive-test-suite/apps/web/tests/e2e/lead-capture.spec.ts:550:5
]]>
</failure>
</testcase>
<testcase name="CSV Lead Import Flow › should handle CSV with duplicate emails" classname="e2e/lead-capture.spec.ts" time="0">
<skipped>
</skipped>
</testcase>
<testcase name="CSV Lead Import Flow › should allow cancelling import operation" classname="e2e/lead-capture.spec.ts" time="0">
<skipped>
</skipped>
</testcase>
<testcase name="CSV Lead Import Flow › should validate required CSV columns" classname="e2e/lead-capture.spec.ts" time="0">
<skipped>
</skipped>
</testcase>
<testcase name="CSV Lead Import Flow › should display import summary after completion" classname="e2e/lead-capture.spec.ts" time="0">
<skipped>
</skipped>
</testcase>
<testcase name="CSV Lead Import Flow › should handle empty CSV file" classname="e2e/lead-capture.spec.ts" time="0">
<skipped>
</skipped>
</testcase>
</testsuite>
<testsuite name="e2e/leads.spec.ts" timestamp="2026-01-30T06:28:56.781Z" hostname="chromium" tests="17" failures="4" skipped="13" time="0" errors="0">
<testcase name="Lead Detail View and Updates › Lead Detail Modal - Display › should open lead detail modal when clicking on a lead card" classname="e2e/leads.spec.ts" time="0">
<failure message="leads.spec.ts:53:9 should open lead detail modal when clicking on a lead card" type="FAILURE">
<![CDATA[  [chromium] › e2e/leads.spec.ts:53:9 › Lead Detail View and Updates › Lead Detail Modal - Display › should open lead detail modal when clicking on a lead card 

    Error: Muitas tentativas. Tente novamente em alguns minutos.

       at helpers/auth.ts:286

      284 |   if (!response.ok) {
      285 |     const error = await response.json();
    > 286 |     throw new Error(error.error?.detail || 'API registration failed');
          |           ^
      287 |   }
      288 |
      289 |   const data = await response.json();
        at apiRegister (/Users/farinelli/Documents/Projects/lia360-web/.auto-claude/worktrees/tasks/007-comprehensive-test-suite/apps/web/tests/helpers/auth.ts:286:11)
        at /Users/farinelli/Documents/Projects/lia360-web/.auto-claude/worktrees/tasks/007-comprehensive-test-suite/apps/web/tests/e2e/leads.spec.ts:32:7
]]>
</failure>
</testcase>
<testcase name="Lead Detail View and Updates › Lead Detail Modal - Display › should display lead basic information correctly" classname="e2e/leads.spec.ts" time="0">
<skipped>
</skipped>
</testcase>
<testcase name="Lead Detail View and Updates › Lead Detail Modal - Display › should display lead score badge" classname="e2e/leads.spec.ts" time="0">
<skipped>
</skipped>
</testcase>
<testcase name="Lead Detail View and Updates › Lead Detail Modal - Display › should display lead verification status" classname="e2e/leads.spec.ts" time="0">
<skipped>
</skipped>
</testcase>
<testcase name="Lead Detail View and Updates › Lead Detail Modal - Display › should display lead bio/description" classname="e2e/leads.spec.ts" time="0">
<skipped>
</skipped>
</testcase>
<testcase name="Lead Detail View and Updates › Lead Detail Modal - Display › should display contact information with clickable links" classname="e2e/leads.spec.ts" time="0">
<failure message="leads.spec.ts:255:9 should display contact information with clickable links" type="FAILURE">
<![CDATA[  [chromium] › e2e/leads.spec.ts:255:9 › Lead Detail View and Updates › Lead Detail Modal - Display › should display contact information with clickable links 

    Error: Muitas tentativas. Tente novamente em alguns minutos.

       at helpers/auth.ts:286

      284 |   if (!response.ok) {
      285 |     const error = await response.json();
    > 286 |     throw new Error(error.error?.detail || 'API registration failed');
          |           ^
      287 |   }
      288 |
      289 |   const data = await response.json();
        at apiRegister (/Users/farinelli/Documents/Projects/lia360-web/.auto-claude/worktrees/tasks/007-comprehensive-test-suite/apps/web/tests/helpers/auth.ts:286:11)
        at /Users/farinelli/Documents/Projects/lia360-web/.auto-claude/worktrees/tasks/007-comprehensive-test-suite/apps/web/tests/e2e/leads.spec.ts:32:7
]]>
</failure>
</testcase>
<testcase name="Lead Detail View and Updates › Lead Detail Modal - Actions › should close modal when clicking close button" classname="e2e/leads.spec.ts" time="0">
<skipped>
</skipped>
</testcase>
<testcase name="Lead Detail View and Updates › Lead Detail Modal - Actions › should close modal when clicking backdrop" classname="e2e/leads.spec.ts" time="0">
<skipped>
</skipped>
</testcase>
<testcase name="Lead Detail View and Updates › Lead Detail Modal - Actions › should navigate to full profile when clicking expand button" classname="e2e/leads.spec.ts" time="0">
<skipped>
</skipped>
</testcase>
[...]
<skipped>
</skipped>
</testcase>
<testcase name="Kanban Board Filtering and Searching › should display score range filter inputs" classname="e2e/kanban.spec.ts" time="0">
<skipped>
</skipped>
</testcase>
<testcase name="Kanban Board Filtering and Searching › should display sort dropdown with options" classname="e2e/kanban.spec.ts" time="0">
<skipped>
</skipped>
</testcase>
<testcase name="Kanban Board Filtering and Searching › should display clear filters button when filters are active" classname="e2e/kanban.spec.ts" time="0">
<skipped>
</skipped>
</testcase>
<testcase name="Kanban Board Filtering and Searching › should filter leads by minimum score" classname="e2e/kanban.spec.ts" time="0">
<skipped>
</skipped>
</testcase>
<testcase name="Kanban Board Filtering and Searching › should filter leads by maximum score" classname="e2e/kanban.spec.ts" time="0">
<failure message="kanban.spec.ts:1092:7 should filter leads by maximum score" type="FAILURE">
<![CDATA[  [Mobile Safari] › e2e/kanban.spec.ts:1092:7 › Kanban Board Filtering and Searching › should filter leads by maximum score 

    Error: Muitas tentativas. Tente novamente em alguns minutos.

       at helpers/auth.ts:286

      284 |   if (!response.ok) {
      285 |     const error = await response.json();
    > 286 |     throw new Error(error.error?.detail || 'API registration failed');
          |           ^
      287 |   }
      288 |
      289 |   const data = await response.json();
        at apiRegister (/Users/farinelli/Documents/Projects/lia360-web/.auto-claude/worktrees/tasks/007-comprehensive-test-suite/apps/web/tests/helpers/auth.ts:286:11)
        at /Users/farinelli/Documents/Projects/lia360-web/.auto-claude/worktrees/tasks/007-comprehensive-test-suite/apps/web/tests/e2e/kanban.spec.ts:867:7
]]>
</failure>
</testcase>
<testcase name="Kanban Board Filtering and Searching › should filter leads by score range" classname="e2e/kanban.spec.ts" time="0">
<skipped>
</skipped>
</testcase>
<testcase name="Kanban Board Filtering and Searching › should sort leads by highest score" classname="e2e/kanban.spec.ts" time="0">
<skipped>
</skipped>
</testcase>
<testcase name="Kanban Board Filtering and Searching › should sort leads by lowest score" classname="e2e/kanban.spec.ts" time="0">
<skipped>
</skipped>
</testcase>
<testcase name="Kanban Board Filtering and Searching › should clear all filters when clear button is clicked" classname="e2e/kanban.spec.ts" time="0">
<skipped>
</skipped>
</testcase>
<testcase name="Kanban Board Filtering and Searching › should hide filter panel when filters are cleared and toggle is clicked" classname="e2e/kanban.spec.ts" time="0">
<skipped>
</skipped>
</testcase>
<testcase name="Kanban Board Filtering and Searching › should maintain filter state when navigating away and back" classname="e2e/kanban.spec.ts" time="0">
<skipped>
</skipped>
</testcase>
<testcase name="Kanban Board Filtering and Searching › should handle invalid score values gracefully" classname="e2e/kanban.spec.ts" time="0">
<skipped>
</skipped>
</testcase>
<testcase name="Kanban Board Filtering and Searching › should combine filters and sort options" classname="e2e/kanban.spec.ts" time="0">
<skipped>
</skipped>
</testcase>
</testsuite>
<testsuite name="e2e/lead-capture.spec.ts" timestamp="2026-01-30T06:28:56.781Z" hostname="Mobile Safari" tests="27" failures="5" skipped="22" time="0" errors="0">
<testcase name="Manual Lead Creation Flow › should open create lead dialog when clicking &quot;Novo Lead&quot; button" classname="e2e/lead-capture.spec.ts" time="0">
<failure message="lead-capture.spec.ts:41:7 should open create lead dialog when clicking &quot;Novo Lead&quot; button" type="FAILURE">
<![CDATA[  [Mobile Safari] › e2e/lead-capture.spec.ts:41:7 › Manual Lead Creation Flow › should open create lead dialog when clicking "Novo Lead" button 

    Error: Muitas tentativas. Tente novamente em alguns minutos.

       at helpers/auth.ts:286

      284 |   if (!response.ok) {
      285 |     const error = await response.json();
    > 286 |     throw new Error(error.error?.detail || 'API registration failed');
          |           ^
      287 |   }
      288 |
      289 |   const data = await response.json();
        at apiRegister (/Users/farinelli/Documents/Projects/lia360-web/.auto-claude/worktrees/tasks/007-comprehensive-test-suite/apps/web/tests/helpers/auth.ts:286:11)
        at /Users/farinelli/Documents/Projects/lia360-web/.auto-claude/worktrees/tasks/007-comprehensive-test-suite/apps/web/tests/e2e/lead-capture.spec.ts:27:5
]]>
</failure>
</testcase>
<testcase name="Manual Lead Creation Flow › should create a new lead with all fields" classname="e2e/lead-capture.spec.ts" time="0">
<skipped>
</skipped>
</testcase>
<testcase name="Manual Lead Creation Flow › should create lead with minimum required fields" classname="e2e/lead-capture.spec.ts" time="0">
<skipped>
</skipped>
</testcase>
<testcase name="Manual Lead Creation Flow › should create lead with phone instead of email" classname="e2e/lead-capture.spec.ts" time="0">
<skipped>
</skipped>
</testcase>
<testcase name="Manual Lead Creation Flow › should show validation error when name is missing" classname="e2e/lead-capture.spec.ts" time="0">
<skipped>
</skipped>
</testcase>
<testcase name="Manual Lead Creation Flow › should show validation error when both email and phone are missing" classname="e2e/lead-capture.spec.ts" time="0">
<skipped>
</skipped>
</testcase>
<testcase name="Manual Lead Creation Flow › should show validation error for invalid email format" classname="e2e/lead-capture.spec.ts" time="0">
<skipped>
</skipped>
</testcase>
<testcase name="Manual Lead Creation Flow › should show validation error for invalid website URL" classname="e2e/lead-capture.spec.ts" time="0">
<failure message="lead-capture.spec.ts:269:7 should show validation error for invalid website URL" type="FAILURE">
<![CDATA[  [Mobile Safari] › e2e/lead-capture.spec.ts:269:7 › Manual Lead Creation Flow › should show validation error for invalid website URL 

    Error: Muitas tentativas. Tente novamente em alguns minutos.

       at helpers/auth.ts:286

      284 |   if (!response.ok) {
      285 |     const error = await response.json();
    > 286 |     throw new Error(error.error?.detail || 'API registration failed');
          |           ^
      287 |   }
      288 |
      289 |   const data = await response.json();
        at apiRegister (/Users/farinelli/Documents/Projects/lia360-web/.auto-claude/worktrees/tasks/007-comprehensive-test-suite/apps/web/tests/helpers/auth.ts:286:11)
        at /Users/farinelli/Documents/Projects/lia360-web/.auto-claude/worktrees/tasks/007-comprehensive-test-suite/apps/web/tests/e2e/lead-capture.spec.ts:27:5
]]>
</failure>
</testcase>
<testcase name="Manual Lead Creation Flow › should display loading state while creating lead" classname="e2e/lead-capture.spec.ts" time="0">
<skipped>
</skipped>
</testcase>
<testcase name="Manual Lead Creation Flow › should close dialog when clicking Cancel button" classname="e2e/lead-capture.spec.ts" time="0">
<skipped>
</skipped>
</testcase>
<testcase name="Manual Lead Creation Flow › should close dialog when clicking outside" classname="e2e/lead-capture.spec.ts" time="0">
<skipped>
</skipped>
</testcase>
<testcase name="Manual Lead Creation Flow › should pre-select first stage in dropdown" classname="e2e/lead-capture.spec.ts" time="0">
<skipped>
</skipped>
</testcase>
<testcase name="Manual Lead Creation Flow › should display all platform options" classname="e2e/lead-capture.spec.ts" time="0">
<skipped>
</skipped>
</testcase>
<testcase name="Manual Lead Creation Flow › should have proper form labels and placeholders" classname="e2e/lead-capture.spec.ts" time="0">
<skipped>
</skipped>
</testcase>
<testcase name="Manual Lead Creation Flow › should handle network errors gracefully" classname="e2e/lead-capture.spec.ts" time="0">
<failure message="lead-capture.spec.ts:447:7 should handle network errors gracefully" type="FAILURE">
<![CDATA[  [Mobile Safari] › e2e/lead-capture.spec.ts:447:7 › Manual Lead Creation Flow › should handle network errors gracefully 

    Error: Muitas tentativas. Tente novamente em alguns minutos.

       at helpers/auth.ts:286

      284 |   if (!response.ok) {
      285 |     const error = await response.json();
    > 286 |     throw new Error(error.error?.detail || 'API registration failed');
          |           ^
      287 |   }
      288 |
      289 |   const data = await response.json();
        at apiRegister (/Users/farinelli/Documents/Projects/lia360-web/.auto-claude/worktrees/tasks/007-comprehensive-test-suite/apps/web/tests/helpers/auth.ts:286:11)
        at /Users/farinelli/Documents/Projects/lia360-web/.auto-claude/worktrees/tasks/007-comprehensive-test-suite/apps/web/tests/e2e/lead-capture.spec.ts:27:5
]]>
</failure>
</testcase>
<testcase name="Manual Lead Creation Flow › should allow creating multiple leads in succession" classname="e2e/lead-capture.spec.ts" time="0">
<skipped>
</skipped>
</testcase>
<testcase name="CSV Lead Import Flow › should show import dialog when clicking import button" classname="e2e/lead-capture.spec.ts" time="0">
<failure message="lead-capture.spec.ts:564:7 should show import dialog when clicking import button" type="FAILURE">
<![CDATA[  [Mobile Safari] › e2e/lead-capture.spec.ts:564:7 › CSV Lead Import Flow › should show import dialog when clicking import button 

    Error: Muitas tentativas. Tente novamente em alguns minutos.

       at helpers/auth.ts:286

      284 |   if (!response.ok) {
      285 |     const error = await response.json();
    > 286 |     throw new Error(error.error?.detail || 'API registration failed');
          |           ^
      287 |   }
      288 |
      289 |   const data = await response.json();
        at apiRegister (/Users/farinelli/Documents/Projects/lia360-web/.auto-claude/worktrees/tasks/007-comprehensive-test-suite/apps/web/tests/helpers/auth.ts:286:11)
        at /Users/farinelli/Documents/Projects/lia360-web/.auto-claude/worktrees/tasks/007-comprehensive-test-suite/apps/web/tests/e2e/lead-capture.spec.ts:550:5
]]>
</failure>
</testcase>
<testcase name="CSV Lead Import Flow › should accept a valid CSV file for import" classname="e2e/lead-capture.spec.ts" time="0">
<skipped>
</skipped>
</testcase>
<testcase name="CSV Lead Import Flow › should show error for invalid CSV format" classname="e2e/lead-capture.spec.ts" time="0">
<skipped>
</skipped>
</testcase>
<testcase name="CSV Lead Import Flow › should show error for non-CSV file" classname="e2e/lead-capture.spec.ts" time="0">
<skipped>
</skipped>
</testcase>
<testcase name="CSV Lead Import Flow › should import leads from CSV successfully" classname="e2e/lead-capture.spec.ts" time="0">
<skipped>
</skipped>
</testcase>
<testcase name="CSV Lead Import Flow › should show import progress for large CSV" classname="e2e/lead-capture.spec.ts" time="0">
<failure message="lead-capture.spec.ts:752:7 should show import progress for large CSV" type="FAILURE">
<![CDATA[  [Mobile Safari] › e2e/lead-capture.spec.ts:752:7 › CSV Lead Import Flow › should show import progress for large CSV 

    Error: Muitas tentativas. Tente novamente em alguns minutos.

       at helpers/auth.ts:286

      284 |   if (!response.ok) {
      285 |     const error = await response.json();
    > 286 |     throw new Error(error.error?.detail || 'API registration failed');
          |           ^
      287 |   }
      288 |
      289 |   const data = await response.json();
        at apiRegister (/Users/farinelli/Documents/Projects/lia360-web/.auto-claude/worktrees/tasks/007-comprehensive-test-suite/apps/web/tests/helpers/auth.ts:286:11)
        at /Users/farinelli/Documents/Projects/lia360-web/.auto-claude/worktrees/tasks/007-comprehensive-test-suite/apps/web/tests/e2e/lead-capture.spec.ts:550:5
]]>
</failure>
</testcase>
<testcase name="CSV Lead Import Flow › should handle CSV with duplicate emails" classname="e2e/lead-capture.spec.ts" time="0">
<skipped>
</skipped>
</testcase>
<testcase name="CSV Lead Import Flow › should allow cancelling import operation" classname="e2e/lead-capture.spec.ts" time="0">
<skipped>
</skipped>
</testcase>
<testcase name="CSV Lead Import Flow › should validate required CSV columns" classname="e2e/lead-capture.spec.ts" time="0">
<skipped>
</skipped>
</testcase>
<testcase name="CSV Lead Import Flow › should display import summary after completion" classname="e2e/lead-capture.spec.ts" time="0">
<skipped>
</skipped>
</testcase>
<testcase name="CSV Lead Import Flow › should handle empty CSV file" classname="e2e/lead-capture.spec.ts" time="0">
<skipped>
</skipped>
</testcase>
</testsuite>
<testsuite name="e2e/leads.spec.ts" timestamp="2026-01-30T06:28:56.781Z" hostname="Mobile Safari" tests="17" failures="4" skipped="13" time="0" errors="0">
<testcase name="Lead Detail View and Updates › Lead Detail Modal - Display › should open lead detail modal when clicking on a lead card" classname="e2e/leads.spec.ts" time="0">
<failure message="leads.spec.ts:53:9 should open lead detail modal when clicking on a lead card" type="FAILURE">
<![CDATA[  [Mobile Safari] › e2e/leads.spec.ts:53:9 › Lead Detail View and Updates › Lead Detail Modal - Display › should open lead detail modal when clicking on a lead card 

    Error: Muitas tentativas. Tente novamente em alguns minutos.

       at helpers/auth.ts:286

      284 |   if (!response.ok) {
      285 |     const error = await response.json();
    > 286 |     throw new Error(error.error?.detail || 'API registration failed');
          |           ^
      287 |   }
      288 |
      289 |   const data = await response.json();
        at apiRegister (/Users/farinelli/Documents/Projects/lia360-web/.auto-claude/worktrees/tasks/007-comprehensive-test-suite/apps/web/tests/helpers/auth.ts:286:11)
        at /Users/farinelli/Documents/Projects/lia360-web/.auto-claude/worktrees/tasks/007-comprehensive-test-suite/apps/web/tests/e2e/leads.spec.ts:32:7
]]>
</failure>
</testcase>
<testcase name="Lead Detail View and Updates › Lead Detail Modal - Display › should display lead basic information correctly" classname="e2e/leads.spec.ts" time="0">
<skipped>
</skipped>
</testcase>
<testcase name="Lead Detail View and Updates › Lead Detail Modal - Display › should display lead score badge" classname="e2e/leads.spec.ts" time="0">
<skipped>
</skipped>
</testcase>
<testcase name="Lead Detail View and Updates › Lead Detail Modal - Display › should display lead verification status" classname="e2e/leads.spec.ts" time="0">
<skipped>
</skipped>
</testcase>
<testcase name="Lead Detail View and Updates › Lead Detail Modal - Display › should display lead bio/description" classname="e2e/leads.spec.ts" time="0">
<skipped>
</skipped>
</testcase>
<testcase name="Lead Detail View and Updates › Lead Detail Modal - Display › should display contact information with clickable links" classname="e2e/leads.spec.ts" time="0">
<failure message="leads.spec.ts:255:9 should display contact information with clickable links" type="FAILURE">
<![CDATA[  [Mobile Safari] › e2e/leads.spec.ts:255:9 › Lead Detail View and Updates › Lead Detail Modal - Display › should display contact information with clickable links 

    Error: Muitas tentativas. Tente novamente em alguns minutos.

       at helpers/auth.ts:286

      284 |   if (!response.ok) {
      285 |     const error = await response.json();
    > 286 |     throw new Error(error.error?.detail || 'API registration failed');
          |           ^
      287 |   }
      288 |
      289 |   const data = await response.json();
        at apiRegister (/Users/farinelli/Documents/Projects/lia360-web/.auto-claude/worktrees/tasks/007-comprehensive-test-suite/apps/web/tests/helpers/auth.ts:286:11)
        at /Users/farinelli/Documents/Projects/lia360-web/.auto-claude/worktrees/tasks/007-comprehensive-test-suite/apps/web/tests/e2e/leads.spec.ts:32:7
]]>
</failure>
</testcase>
<testcase name="Lead Detail View and Updates › Lead Detail Modal - Actions › should close modal when clicking close button" classname="e2e/leads.spec.ts" time="0">
<skipped>
</skipped>
</testcase>
<testcase name="Lead Detail View and Updates › Lead Detail Modal - Actions › should close modal when clicking backdrop" classname="e2e/leads.spec.ts" time="0">
<skipped>
</skipped>
</testcase>
<testcase name="Lead Detail View and Updates › Lead Detail Modal - Actions › should navigate to full profile when clicking expand button" classname="e2e/leads.spec.ts" time="0">
<skipped>
</skipped>
</testcase>
<testcase name="Lead Detail View and Updates › Lead Deletion › should show delete confirmation when clicking delete button" classname="e2e/leads.spec.ts" time="0">
<skipped>
</skipped>
</testcase>
<testcase name="Lead Detail View and Updates › Lead Deletion › should cancel deletion when clicking cancel button" classname="e2e/leads.spec.ts" time="0">
<failure message="leads.spec.ts:457:9 should cancel deletion when clicking cancel button" type="FAILURE">
<![CDATA[  [Mobile Safari] › e2e/leads.spec.ts:457:9 › Lead Detail View and Updates › Lead Deletion › should cancel deletion when clicking cancel button 

    Error: Muitas tentativas. Tente novamente em alguns minutos.

       at helpers/auth.ts:286

      284 |   if (!response.ok) {
      285 |     const error = await response.json();
    > 286 |     throw new Error(error.error?.detail || 'API registration failed');
          |           ^
      287 |   }
      288 |
      289 |   const data = await response.json();
        at apiRegister (/Users/farinelli/Documents/Projects/lia360-web/.auto-claude/worktrees/tasks/007-comprehensive-test-suite/apps/web/tests/helpers/auth.ts:286:11)
        at /Users/farinelli/Documents/Projects/lia360-web/.auto-claude/worktrees/tasks/007-comprehensive-test-suite/apps/web/tests/e2e/leads.spec.ts:32:7
]]>
</failure>
</testcase>
<testcase name="Lead Detail View and Updates › Lead Deletion › should delete lead when confirming deletion" classname="e2e/leads.spec.ts" time="0">
<skipped>
</skipped>
</testcase>
<testcase name="Lead Detail View and Updates › Lead Update › should display edit button in modal" classname="e2e/leads.spec.ts" time="0">
<skipped>
</skipped>
</testcase>
<testcase name="Lead Detail View and Updates › Lead Update › should allow updating lead information" classname="e2e/leads.spec.ts" time="0">
<skipped>
</skipped>
</testcase>
<testcase name="Lead Detail View and Updates › Lead Tags › should display lead tags in modal" classname="e2e/leads.spec.ts" time="0">
<skipped>
</skipped>
</testcase>
<testcase name="Lead Detail View and Updates › Lead Enrichment Data › should display LinkedIn profile link when available" classname="e2e/leads.spec.ts" time="0">
<failure message="leads.spec.ts:681:9 should display LinkedIn profile link when available" type="FAILURE">
<![CDATA[  [Mobile Safari] › e2e/leads.spec.ts:681:9 › Lead Detail View and Updates › Lead Enrichment Data › should display LinkedIn profile link when available 

    Error: Muitas tentativas. Tente novamente em alguns minutos.

       at helpers/auth.ts:286

      284 |   if (!response.ok) {
      285 |     const error = await response.json();
    > 286 |     throw new Error(error.error?.detail || 'API registration failed');
          |           ^
      287 |   }
      288 |
      289 |   const data = await response.json();
        at apiRegister (/Users/farinelli/Documents/Projects/lia360-web/.auto-claude/worktrees/tasks/007-comprehensive-test-suite/apps/web/tests/helpers/auth.ts:286:11)
        at /Users/farinelli/Documents/Projects/lia360-web/.auto-claude/worktrees/tasks/007-comprehensive-test-suite/apps/web/tests/e2e/leads.spec.ts:32:7
]]>
</failure>
</testcase>
<testcase name="Lead Detail View and Updates › Lead Enrichment Data › should display lead location" classname="e2e/leads.spec.ts" time="0">
<skipped>
</skipped>
</testcase>
</testsuite>
</testsuites>